2016-07-16 01:28:42,389 INFO  [Log] **************************************************************************************** 
2016-07-16 01:28:42,390 INFO  [Log] **************************************************************************************** 
2016-07-16 01:28:42,390 INFO  [Log] $$$$$$$$$$$$$$$$$$$$$                 Parent_login       $$$$$$$$$$$$$$$$$$$$$$$$$ 
2016-07-16 01:28:42,390 INFO  [Log] **************************************************************************************** 
2016-07-16 01:28:42,390 INFO  [Log] **************************************************************************************** 
2016-07-16 01:29:19,303 INFO  [Log] Application open 
2016-07-19 20:12:10,883 INFO  [Log] **************************************************************************************** 
2016-07-19 20:12:10,883 INFO  [Log] **************************************************************************************** 
2016-07-19 20:12:10,883 INFO  [Log] $$$$$$$$$$$$$$$$$$$$$                 Parent_login       $$$$$$$$$$$$$$$$$$$$$$$$$ 
2016-07-19 20:12:10,883 INFO  [Log] **************************************************************************************** 
2016-07-19 20:12:10,883 INFO  [Log] **************************************************************************************** 
2016-07-19 20:12:47,865 INFO  [Log] Application open 
2016-07-19 20:13:07,452 INFO  [Log] Homepage open 
2016-07-19 20:13:29,226 INFO  [Log] User Successfully login 
2016-07-19 20:13:41,744 INFO  [Log] Wall page open 
2016-07-19 20:13:50,740 INFO  [Log] Message page is open 
2016-07-19 20:14:00,132 INFO  [Log] Gallery page is open 
2016-07-19 20:14:09,915 INFO  [Log] Event page is open 
2016-07-19 20:14:58,689 INFO  [Log] Announcement page is open 
2016-07-19 20:15:08,940 INFO  [Log] Teacher directory open 
2016-07-19 21:51:19,520 INFO  [Log] **************************************************************************************** 
2016-07-19 21:51:19,535 INFO  [Log] **************************************************************************************** 
2016-07-19 21:51:19,535 INFO  [Log] $$$$$$$$$$$$$$$$$$$$$                 Parent_login       $$$$$$$$$$$$$$$$$$$$$$$$$ 
2016-07-19 21:51:19,535 INFO  [Log] **************************************************************************************** 
2016-07-19 21:51:19,535 INFO  [Log] **************************************************************************************** 
2016-07-19 21:51:33,993 INFO  [Log] Application open 
2016-07-19 21:51:36,136 INFO  [Log] Homepage open 
2016-07-19 21:51:58,653 INFO  [Log] User Successfully login 
2016-07-19 21:52:09,360 INFO  [Log] Wall page open 
2016-07-19 21:52:17,836 INFO  [Log] Message page is open 
2016-07-19 21:52:26,480 INFO  [Log] Gallery page is open 
2016-07-19 21:52:36,562 INFO  [Log] Event page is open 
2016-07-19 21:53:25,138 INFO  [Log] Announcement page is open 
2016-07-19 21:53:34,065 INFO  [Log] Teacher directory open 
2016-07-22 15:51:12,336 INFO  [Log] **************************************************************************************** 
2016-07-22 15:51:12,357 INFO  [Log] **************************************************************************************** 
2016-07-22 15:51:12,357 INFO  [Log] $$$$$$$$$$$$$$$$$$$$$                 Parent_login       $$$$$$$$$$$$$$$$$$$$$$$$$ 
2016-07-22 15:51:12,357 INFO  [Log] **************************************************************************************** 
2016-07-22 15:51:12,357 INFO  [Log] **************************************************************************************** 
2016-07-22 15:51:27,429 INFO  [Log] Application open 
2016-07-22 15:51:29,636 INFO  [Log] Homepage open 
2016-07-22 15:51:50,008 INFO  [Log] User Successfully login 
2016-07-22 15:51:58,610 INFO  [Log] Wall page open 
2016-07-22 15:55:21,311 INFO  [Log] **************************************************************************************** 
2016-07-22 15:55:21,311 INFO  [Log] **************************************************************************************** 
2016-07-22 15:55:21,311 INFO  [Log] $$$$$$$$$$$$$$$$$$$$$                 Parent_login       $$$$$$$$$$$$$$$$$$$$$$$$$ 
2016-07-22 15:55:21,331 INFO  [Log] **************************************************************************************** 
2016-07-22 15:55:21,331 INFO  [Log] **************************************************************************************** 
2016-07-22 15:55:33,171 INFO  [Log] Application open 
2016-07-22 15:55:35,157 INFO  [Log] Homepage open 
2016-07-22 15:55:55,439 INFO  [Log] User Successfully login 
2016-07-22 15:56:05,902 INFO  [Log] Wall page open 
2016-08-02 16:53:51,498 INFO  [Log] **************************************************************************************** 
2016-08-02 16:53:51,513 INFO  [Log] **************************************************************************************** 
2016-08-02 16:53:51,513 INFO  [Log] $$$$$$$$$$$$$$$$$$$$$                 Parent_login       $$$$$$$$$$$$$$$$$$$$$$$$$ 
2016-08-02 16:53:51,513 INFO  [Log] **************************************************************************************** 
2016-08-02 16:53:51,513 INFO  [Log] **************************************************************************************** 
2016-08-02 16:59:14,999 INFO  [Log] **************************************************************************************** 
2016-08-02 16:59:14,999 INFO  [Log] **************************************************************************************** 
2016-08-02 16:59:14,999 INFO  [Log] $$$$$$$$$$$$$$$$$$$$$                 Parent_login       $$$$$$$$$$$$$$$$$$$$$$$$$ 
2016-08-02 16:59:14,999 INFO  [Log] **************************************************************************************** 
2016-08-02 16:59:14,999 INFO  [Log] **************************************************************************************** 
2016-08-02 16:59:25,530 INFO  [Log] Appliaction Open 
2016-08-02 16:59:32,191 INFO  [Log] Login Page Open 
2016-08-02 16:59:41,021 INFO  [Log] User Sccessfully login 
2016-08-02 16:59:41,052 INFO  [Log] **************************************************************************************** 
2016-08-02 16:59:41,052 INFO  [Log] **************************************************************************************** 
2016-08-02 16:59:41,052 INFO  [Log] $$$$$$$$$$$$$$$$$$$$$                 Create Wall Post       $$$$$$$$$$$$$$$$$$$$$$$$$ 
2016-08-02 16:59:41,052 INFO  [Log] **************************************************************************************** 
2016-08-02 16:59:41,052 INFO  [Log] **************************************************************************************** 
2016-08-02 16:59:47,809 INFO  [Log] Wall Psot Page Is open 
2016-08-02 17:00:08,265 INFO  [Log] Wall post Successfully created 
2016-08-02 17:00:22,150 INFO  [Log] User Successfully logout 
2016-08-02 17:06:13,503 INFO  [Log] **************************************************************************************** 
2016-08-02 17:06:13,503 INFO  [Log] **************************************************************************************** 
2016-08-02 17:06:13,503 INFO  [Log] $$$$$$$$$$$$$$$$$$$$$                 Create Wall Post       $$$$$$$$$$$$$$$$$$$$$$$$$ 
2016-08-02 17:06:13,503 INFO  [Log] **************************************************************************************** 
2016-08-02 17:06:13,503 INFO  [Log] **************************************************************************************** 
2016-08-02 17:06:23,023 INFO  [Log] Appliaction Open 
2016-08-02 17:06:29,781 INFO  [Log] Login Page Open 
2016-08-02 17:06:35,881 INFO  [Log] User Sccessfully login 
2016-08-02 17:06:45,260 INFO  [Log] Wall Psot Page Is open 
2016-08-02 17:07:07,460 INFO  [Log] Wall post Successfully created 
2016-08-02 17:07:22,713 INFO  [Log] User Successfully logout 
2016-08-02 17:07:23,001 INFO  [Log] Browser Cloased 
2016-08-03 14:54:39,171 INFO  [Log] **********************************Create Wall Post********************************************** 
2016-08-03 15:09:06,913 INFO  [Log] **********************************Create Wall Post********************************************** 
2016-08-03 15:10:08,413 INFO  [Log] **********************************Create Wall Post********************************************** 
2016-08-03 15:12:17,929 INFO  [Log] **********************************Create Wall Post********************************************** 
2016-08-03 15:20:19,617 INFO  [Log] **********************************Create Wall Post********************************************** 
2016-08-03 15:23:31,645 INFO  [Log] **********************************Create Wall Post********************************************** 
2016-08-03 15:26:00,479 INFO  [Log] **********************************Create Wall Post********************************************** 
2016-08-03 15:26:50,453 INFO  [Log] **********************************Create Wall Post********************************************** 
2016-08-03 15:30:24,841 INFO  [Log] **********************************Create Wall Post********************************************** 
2016-08-03 15:31:30,805 INFO  [Log] **********************************Create Wall Post********************************************** 
2016-08-03 15:34:27,789 INFO  [Log] **********************************Create Wall Post********************************************** 
2016-08-03 15:36:32,917 INFO  [Log] **********************************Create Wall Post********************************************** 
2016-08-03 15:41:17,598 INFO  [Log] **********************************Create Wall Post********************************************** 
2016-08-03 16:02:10,293 INFO  [Log] **********************************Create Wall Post********************************************** 
2016-08-03 16:13:06,105 INFO  [Log] **********************************Create Wall Post********************************************** 
2016-08-03 16:18:23,476 INFO  [Log] **********************************Create Wall Post********************************************** 
2016-08-03 16:23:57,882 INFO  [Log] **********************************Create Wall Post********************************************** 
2016-08-03 16:26:16,739 INFO  [Log] **********************************Create Wall Post********************************************** 
2016-08-03 17:18:29,404 INFO  [Log] **********************************Create Wall Post********************************************** 
2016-08-03 17:19:34,638 INFO  [Log] **********************************Create Wall Post********************************************** 
2016-08-03 17:22:21,158 INFO  [Log] Appliaction Open 
2016-08-03 17:22:48,974 INFO  [Log] Login Page Open 
2016-08-03 17:23:12,896 INFO  [Log] User Sccessfully login 
2016-08-04 11:12:50,738 INFO  [Log] **********************************Create Event********************************************** 
2016-08-04 11:13:22,211 INFO  [Log] Appliaction Open 
2016-08-04 11:13:29,210 INFO  [Log] Login Page Open 
2016-08-04 11:13:39,201 INFO  [Log] User Sccessfully login 
2016-08-04 11:13:57,092 INFO  [Log] User Successfully logout 
2016-08-04 11:13:57,434 INFO  [Log] Browser Cloased 
2016-08-04 11:14:47,541 INFO  [Log] **********************************Create Event********************************************** 
2016-08-04 11:15:16,642 INFO  [Log] Appliaction Open 
2016-08-04 11:15:23,549 INFO  [Log] Login Page Open 
2016-08-04 11:15:36,348 INFO  [Log] User Sccessfully login 
2016-08-04 11:16:31,430 INFO  [Log] **********************************Create Event********************************************** 
2016-08-04 11:16:51,669 INFO  [Log] Appliaction Open 
2016-08-04 11:16:58,351 INFO  [Log] Login Page Open 
2016-08-04 11:17:13,224 INFO  [Log] User Sccessfully login 
2016-08-04 11:17:41,071 INFO  [Log] Event page is open 
2016-08-04 11:20:32,731 INFO  [Log] **********************************Create Event********************************************** 
2016-08-04 11:21:00,732 INFO  [Log] Appliaction Open 
2016-08-04 11:21:07,371 INFO  [Log] Login Page Open 
2016-08-04 11:21:28,466 INFO  [Log] User Sccessfully login 
2016-08-04 11:21:37,811 INFO  [Log] Event page is open 
2016-08-04 11:22:32,019 INFO  [Log] Event successfully ceated 
2016-08-04 11:25:36,460 INFO  [Log] **********************************Create Event********************************************** 
2016-08-04 11:26:16,400 INFO  [Log] Appliaction Open 
2016-08-04 11:26:30,353 INFO  [Log] Login Page Open 
2016-08-04 11:27:17,432 INFO  [Log] User Sccessfully login 
2016-08-04 11:27:30,249 INFO  [Log] Event page is open 
2016-08-04 11:28:39,168 INFO  [Log] Event successfully ceated 
2016-08-04 11:35:33,028 INFO  [Log] **********************************Create Event********************************************** 
2016-08-04 11:37:18,059 INFO  [Log] **********************************Create Event********************************************** 
2016-08-04 11:38:21,903 INFO  [Log] Appliaction Open 
2016-08-04 11:38:31,770 INFO  [Log] Login Page Open 
2016-08-04 11:39:32,452 INFO  [Log] User Sccessfully login 
2016-08-04 11:39:45,312 INFO  [Log] Event page is open 
2016-08-04 11:40:42,698 INFO  [Log] Event successfully ceated 
2016-08-04 11:41:00,937 INFO  [Log] User Successfully logout 
2016-08-04 11:41:01,293 INFO  [Log] Browser Cloased 
2016-08-06 12:10:15,717 INFO  [Log] **********************************Create Message********************************************** 
2016-08-06 12:44:07,209 INFO  [Log] **********************************Create Message********************************************** 
2016-08-06 12:50:05,997 INFO  [Log] **********************************Create Message********************************************** 
2016-08-06 12:50:34,501 INFO  [Log] Application is open 
2016-08-06 12:50:40,832 INFO  [Log] Login Page is open 
2016-08-06 12:50:50,865 INFO  [Log] User Successfully login 
2016-08-06 12:50:55,463 INFO  [Log] Message Page is open 
2016-08-06 12:51:32,415 INFO  [Log] Attacched file is successfully uploaded 
2016-08-06 12:51:38,414 INFO  [Log] Message successfully ceated 
2016-08-06 12:55:46,718 INFO  [Log] **********************************Create Message********************************************** 
2016-08-06 12:57:19,085 INFO  [Log] Application is open 
2016-08-06 12:57:27,699 INFO  [Log] Login Page is open 
2016-08-06 12:58:09,799 INFO  [Log] User Successfully login 
2016-08-06 12:58:14,684 INFO  [Log] Message Page is open 
2016-08-06 12:59:38,357 INFO  [Log] Message successfully ceated 
2016-08-06 13:03:42,605 INFO  [Log] **********************************Create Message********************************************** 
2016-08-06 13:04:02,504 INFO  [Log] Application is open 
2016-08-06 13:04:09,084 INFO  [Log] Login Page is open 
2016-08-06 13:04:20,427 INFO  [Log] User Successfully login 
2016-08-06 13:04:24,201 INFO  [Log] Message Page is open 
2016-08-06 13:05:47,157 INFO  [Log] Message successfully ceated 
2016-08-09 12:25:56,559 INFO  [Log] **********************************Create Message********************************************** 
2016-08-09 12:26:11,171 INFO  [Log] Application is open 
2016-08-09 12:26:17,718 INFO  [Log] Login Page is open 
2016-08-09 12:26:27,653 INFO  [Log] User Successfully login 
2016-08-09 12:26:32,425 INFO  [Log] Message Page is open 
2016-08-09 12:27:18,534 INFO  [Log] Attacched file is successfully uploaded 
2016-08-09 12:27:23,997 INFO  [Log] Message successfully ceated 
2016-08-09 12:28:51,802 INFO  [Log] **********************************Create Message********************************************** 
2016-08-09 12:29:02,850 INFO  [Log] Application is open 
2016-08-09 12:29:09,355 INFO  [Log] Login Page is open 
2016-08-09 12:29:18,589 INFO  [Log] User Successfully login 
2016-08-09 12:29:23,455 INFO  [Log] Message Page is open 
2016-08-09 12:29:58,749 INFO  [Log] Attached file is successfully uploaded 
2016-08-09 12:30:07,548 INFO  [Log] Message successfully ceated 
2016-08-09 13:09:59,523 INFO  [Log] **********************************Create Wall Post********************************************** 
2016-08-09 13:10:56,775 INFO  [Log] **********************************Create Wall Post********************************************** 
2016-08-09 13:11:16,300 INFO  [Log] Appliaction Open 
2016-08-09 13:11:22,993 INFO  [Log] Login Page Open 
2016-08-09 13:11:33,138 INFO  [Log] User Sccessfully login 
2016-08-09 13:11:39,958 INFO  [Log] Wall Psot Page Is open 
2016-08-09 13:12:01,679 INFO  [Log] Wall post Successfully created 
2016-08-09 13:43:51,544 INFO  [Log] **********************************Create Event********************************************** 
2016-08-09 13:44:21,584 INFO  [Log] Appliaction Open 
2016-08-09 13:44:28,585 INFO  [Log] Login Page Open 
2016-08-09 13:44:38,523 INFO  [Log] User Sccessfully login 
2016-08-09 13:44:44,484 INFO  [Log] Event page is open 
2016-08-09 13:45:39,848 INFO  [Log] Event successfully ceated 
2016-08-09 13:45:53,834 INFO  [Log] User Successfully logout 
2016-08-09 13:45:54,202 INFO  [Log] Browser Cloased 
2016-08-09 14:02:21,636 INFO  [Log] **********************************Create Event********************************************** 
2016-08-09 14:02:35,293 INFO  [Log] Appliaction Open 
2016-08-09 14:02:46,471 INFO  [Log] Login Page Open 
2016-08-09 14:02:54,695 INFO  [Log] User Sccessfully login 
2016-08-09 14:02:59,961 INFO  [Log] Event page is open 
2016-08-09 14:03:54,242 INFO  [Log] Event successfully ceated 
2016-08-09 14:04:07,911 INFO  [Log] User Successfully logout 
2016-08-09 14:04:09,332 INFO  [Log] Browser Cloased 
2016-08-09 14:04:27,699 INFO  [Log] **********************************Create Message********************************************** 
2016-08-09 14:04:38,348 INFO  [Log] Application is open 
2016-08-09 14:04:44,709 INFO  [Log] Login Page is open 
2016-08-09 14:04:53,393 INFO  [Log] User Successfully login 
2016-08-09 14:04:58,195 INFO  [Log] Message Page is open 
2016-08-09 14:05:32,932 INFO  [Log] Attached file is successfully uploaded 
2016-08-09 14:05:40,251 INFO  [Log] Message successfully ceated 
2016-08-09 14:10:11,489 INFO  [Log] **********************************Create Message********************************************** 
2016-08-09 14:10:22,292 INFO  [Log] Application is open 
2016-08-09 14:10:28,935 INFO  [Log] Login Page is open 
2016-08-09 14:10:41,679 INFO  [Log] User Successfully login 
2016-08-09 14:10:46,569 INFO  [Log] Message Page is open 
2016-08-09 14:11:23,311 INFO  [Log] Attached file is successfully uploaded 
2016-08-09 14:11:31,138 INFO  [Log] Message successfully ceated 
